<?xml version="1.0" encoding="UTF-8"?>
<!-- Generated by org.testng.reporters.JUnitXMLReporter -->
<testsuite hostname="LAPTOP-HHN7D2TC" ignored="0" name="Default test" tests="3" failures="0" timestamp="2020-10-26T17:10:30 IST" time="84.876" errors="0">
  <testcase name="Rcreation" time="6.775" classname="com.ebanking.master.Exepom"/>
  <testcase name="Rcreation" time="5.006" classname="com.ebanking.master.Exepom"/>
  <testcase name="Rcreation" time="5.291" classname="com.ebanking.master.Exepom"/>
</testsuite> <!-- Default test -->
