<?xml version="1.0" encoding="UTF-8"?>
<!-- Generated by org.testng.reporters.JUnitXMLReporter -->
<testsuite hostname="LAPTOP-HHN7D2TC" ignored="4" name="Test" tests="2" failures="0" timestamp="2020-10-19T17:22:12 IST" time="20.732" errors="0">
  <testcase name="Brc" time="7.756" classname="com.ebanking.master.BrNG"/>
  <testcase name="RNg" time="10.552" classname="com.ebanking.master.RolNG"/>
  <testcase name="@AfterTest afterTest" time="0.0" classname="com.ebanking.master.BaseNg">
    <ignored/>
  </testcase> <!-- @AfterTest afterTest -->
  <testcase name="@AfterSuite afterSuite" time="0.0" classname="com.ebanking.master.BaseNg">
    <ignored/>
  </testcase> <!-- @AfterSuite afterSuite -->
  <testcase name="@BeforeTest beforeTest" time="0.0" classname="com.ebanking.master.BaseNg">
    <ignored/>
  </testcase> <!-- @BeforeTest beforeTest -->
  <testcase name="@BeforeSuite beforeSuite" time="0.0" classname="com.ebanking.master.BaseNg">
    <ignored/>
  </testcase> <!-- @BeforeSuite beforeSuite -->
</testsuite> <!-- Test -->
