<?xml version="1.0" encoding="UTF-8"?>
<testng-results skipped="0" failed="0" ignored="0" total="3" passed="3">
  <reporter-output>
  </reporter-output>
  <suite name="Default suite" duration-ms="84876" started-at="2020-10-26T17:09:05 IST" finished-at="2020-10-26T17:10:30 IST">
    <groups>
    </groups>
    <test name="Default test" duration-ms="84876" started-at="2020-10-26T17:09:05 IST" finished-at="2020-10-26T17:10:30 IST">
      <class name="com.ebanking.master.Exepom">
        <test-method status="PASS" signature="login()[pri:0, instance:com.ebanking.master.Exepom@23e028a9]" name="login" is-config="true" duration-ms="67394" started-at="2020-10-26T17:09:05 IST" finished-at="2020-10-26T17:10:12 IST">
          <reporter-output>
          </reporter-output>
        </test-method> <!-- login -->
        <test-method status="PASS" signature="Rcreation(java.lang.String, java.lang.String)[pri:0, instance:com.ebanking.master.Exepom@23e028a9]" name="Rcreation" duration-ms="6775" started-at="2020-10-26T17:10:12 IST" data-provider="Rdata" finished-at="2020-10-26T17:10:19 IST">
          <params>
            <param index="0">
              <value>
                <![CDATA[CashierRekha]]>
              </value>
            </param>
            <param index="1">
              <value>
                <![CDATA[E]]>
              </value>
            </param>
          </params>
          <reporter-output>
          </reporter-output>
        </test-method> <!-- Rcreation -->
        <test-method status="PASS" signature="Rcreation(java.lang.String, java.lang.String)[pri:0, instance:com.ebanking.master.Exepom@23e028a9]" name="Rcreation" duration-ms="5006" started-at="2020-10-26T17:10:19 IST" data-provider="Rdata" finished-at="2020-10-26T17:10:24 IST">
          <params>
            <param index="0">
              <value>
                <![CDATA[PoRekha]]>
              </value>
            </param>
            <param index="1">
              <value>
                <![CDATA[E]]>
              </value>
            </param>
          </params>
          <reporter-output>
          </reporter-output>
        </test-method> <!-- Rcreation -->
        <test-method status="PASS" signature="Rcreation(java.lang.String, java.lang.String)[pri:0, instance:com.ebanking.master.Exepom@23e028a9]" name="Rcreation" duration-ms="5291" started-at="2020-10-26T17:10:24 IST" data-provider="Rdata" finished-at="2020-10-26T17:10:30 IST">
          <params>
            <param index="0">
              <value>
                <![CDATA[AMRekha]]>
              </value>
            </param>
            <param index="1">
              <value>
                <![CDATA[E]]>
              </value>
            </param>
          </params>
          <reporter-output>
          </reporter-output>
        </test-method> <!-- Rcreation -->
      </class> <!-- com.ebanking.master.Exepom -->
    </test> <!-- Default test -->
  </suite> <!-- Default suite -->
</testng-results>
